<?xml version="1.0" encoding="UTF-8"?>
<testsuite xmlns:xsi="http://www.w3.org/2001/XMLSchema-instance" xsi:noNamespaceSchemaLocation="https://maven.apache.org/surefire/maven-surefire-plugin/xsd/surefire-test-report-3.0.xsd" version="3.0" name="io.github.bonigarcia.CucumberTest" time="7.969" tests="2" errors="0" skipped="0" failures="0">
  <properties>
    <property name="sun.desktop" value="gnome"/>
    <property name="awt.toolkit" value="sun.awt.X11.XToolkit"/>
    <property name="java.specification.version" value="11"/>
    <property name="webdriver.chrome.driver" value="/home/alexpinto/.cache/selenium/chromedriver/linux64/95.0.4638.69/chromedriver"/>
    <property name="sun.cpu.isalist" value=""/>
    <property name="sun.jnu.encoding" value="UTF-8"/>
    <property name="java.class.path" value="/home/alexpinto/Desktop/TQS/tqs_98401/lab5/lab5_3/junit5-cucumber-selenium/target/test-classes:/home/alexpinto/Desktop/TQS/tqs_98401/lab5/lab5_3/junit5-cucumber-selenium/target/classes:/home/alexpinto/.m2/repository/org/slf4j/slf4j-api/1.7.36/slf4j-api-1.7.36.jar:/home/alexpinto/.m2/repository/ch/qos/logback/logback-classic/1.2.11/logback-classic-1.2.11.jar:/home/alexpinto/.m2/repository/ch/qos/logback/logback-core/1.2.11/logback-core-1.2.11.jar:/home/alexpinto/.m2/repository/org/junit/jupiter/junit-jupiter/5.8.2/junit-jupiter-5.8.2.jar:/home/alexpinto/.m2/repository/org/junit/jupiter/junit-jupiter-api/5.8.2/junit-jupiter-api-5.8.2.jar:/home/alexpinto/.m2/repository/org/opentest4j/opentest4j/1.2.0/opentest4j-1.2.0.jar:/home/alexpinto/.m2/repository/org/junit/platform/junit-platform-commons/1.8.2/junit-platform-commons-1.8.2.jar:/home/alexpinto/.m2/repository/org/junit/jupiter/junit-jupiter-params/5.8.2/junit-jupiter-params-5.8.2.jar:/home/alexpinto/.m2/repository/org/junit/jupiter/junit-jupiter-engine/5.8.2/junit-jupiter-engine-5.8.2.jar:/home/alexpinto/.m2/repository/org/junit/platform/junit-platform-suite/1.8.2/junit-platform-suite-1.8.2.jar:/home/alexpinto/.m2/repository/org/junit/platform/junit-platform-suite-api/1.8.2/junit-platform-suite-api-1.8.2.jar:/home/alexpinto/.m2/repository/org/junit/platform/junit-platform-suite-engine/1.8.2/junit-platform-suite-engine-1.8.2.jar:/home/alexpinto/.m2/repository/org/junit/platform/junit-platform-suite-commons/1.8.2/junit-platform-suite-commons-1.8.2.jar:/home/alexpinto/.m2/repository/org/junit/platform/junit-platform-launcher/1.8.2/junit-platform-launcher-1.8.2.jar:/home/alexpinto/.m2/repository/io/cucumber/cucumber-java/7.3.0/cucumber-java-7.3.0.jar:/home/alexpinto/.m2/repository/io/cucumber/cucumber-core/7.3.0/cucumber-core-7.3.0.jar:/home/alexpinto/.m2/repository/io/cucumber/cucumber-gherkin/7.3.0/cucumber-gherkin-7.3.0.jar:/home/alexpinto/.m2/repository/io/cucumber/cucumber-gherkin-messages/7.3.0/cucumber-gherkin-messages-7.3.0.jar:/home/alexpinto/.m2/repository/io/cucumber/gherkin/23.0.1/gherkin-23.0.1.jar:/home/alexpinto/.m2/repository/io/cucumber/messages/18.0.0/messages-18.0.0.jar:/home/alexpinto/.m2/repository/io/cucumber/tag-expressions/4.1.0/tag-expressions-4.1.0.jar:/home/alexpinto/.m2/repository/io/cucumber/cucumber-expressions/15.0.2/cucumber-expressions-15.0.2.jar:/home/alexpinto/.m2/repository/io/cucumber/datatable/7.3.0/datatable-7.3.0.jar:/home/alexpinto/.m2/repository/io/cucumber/cucumber-plugin/7.3.0/cucumber-plugin-7.3.0.jar:/home/alexpinto/.m2/repository/io/cucumber/docstring/7.3.0/docstring-7.3.0.jar:/home/alexpinto/.m2/repository/io/cucumber/html-formatter/19.1.0/html-formatter-19.1.0.jar:/home/alexpinto/.m2/repository/io/cucumber/ci-environment/9.0.4/ci-environment-9.0.4.jar:/home/alexpinto/.m2/repository/org/apiguardian/apiguardian-api/1.1.2/apiguardian-api-1.1.2.jar:/home/alexpinto/.m2/repository/io/cucumber/cucumber-junit-platform-engine/7.3.0/cucumber-junit-platform-engine-7.3.0.jar:/home/alexpinto/.m2/repository/org/junit/platform/junit-platform-engine/1.8.2/junit-platform-engine-1.8.2.jar:/home/alexpinto/.m2/repository/org/seleniumhq/selenium/selenium-java/4.1.3/selenium-java-4.1.3.jar:/home/alexpinto/.m2/repository/org/seleniumhq/selenium/selenium-api/4.1.3/selenium-api-4.1.3.jar:/home/alexpinto/.m2/repository/org/seleniumhq/selenium/selenium-chrome-driver/4.1.3/selenium-chrome-driver-4.1.3.jar:/home/alexpinto/.m2/repository/com/google/auto/service/auto-service-annotations/1.0.1/auto-service-annotations-1.0.1.jar:/home/alexpinto/.m2/repository/com/google/auto/service/auto-service/1.0.1/auto-service-1.0.1.jar:/home/alexpinto/.m2/repository/com/google/auto/auto-common/1.2/auto-common-1.2.jar:/home/alexpinto/.m2/repository/com/google/guava/guava/31.1-jre/guava-31.1-jre.jar:/home/alexpinto/.m2/repository/com/google/guava/failureaccess/1.0.1/failureaccess-1.0.1.jar:/home/alexpinto/.m2/repository/com/google/guava/listenablefuture/9999.0-empty-to-avoid-conflict-with-guava/listenablefuture-9999.0-empty-to-avoid-conflict-with-guava.jar:/home/alexpinto/.m2/repository/com/google/code/findbugs/jsr305/3.0.2/jsr305-3.0.2.jar:/home/alexpinto/.m2/repository/org/checkerframework/checker-qual/3.12.0/checker-qual-3.12.0.jar:/home/alexpinto/.m2/repository/com/google/errorprone/error_prone_annotations/2.11.0/error_prone_annotations-2.11.0.jar:/home/alexpinto/.m2/repository/com/google/j2objc/j2objc-annotations/1.3/j2objc-annotations-1.3.jar:/home/alexpinto/.m2/repository/org/seleniumhq/selenium/selenium-chromium-driver/4.1.3/selenium-chromium-driver-4.1.3.jar:/home/alexpinto/.m2/repository/org/seleniumhq/selenium/selenium-json/4.1.3/selenium-json-4.1.3.jar:/home/alexpinto/.m2/repository/org/seleniumhq/selenium/selenium-devtools-v85/4.1.3/selenium-devtools-v85-4.1.3.jar:/home/alexpinto/.m2/repository/org/seleniumhq/selenium/selenium-devtools-v97/4.1.3/selenium-devtools-v97-4.1.3.jar:/home/alexpinto/.m2/repository/org/seleniumhq/selenium/selenium-devtools-v98/4.1.3/selenium-devtools-v98-4.1.3.jar:/home/alexpinto/.m2/repository/org/seleniumhq/selenium/selenium-devtools-v99/4.1.3/selenium-devtools-v99-4.1.3.jar:/home/alexpinto/.m2/repository/org/seleniumhq/selenium/selenium-edge-driver/4.1.3/selenium-edge-driver-4.1.3.jar:/home/alexpinto/.m2/repository/org/seleniumhq/selenium/selenium-firefox-driver/4.1.3/selenium-firefox-driver-4.1.3.jar:/home/alexpinto/.m2/repository/org/seleniumhq/selenium/selenium-ie-driver/4.1.3/selenium-ie-driver-4.1.3.jar:/home/alexpinto/.m2/repository/org/seleniumhq/selenium/selenium-opera-driver/4.1.3/selenium-opera-driver-4.1.3.jar:/home/alexpinto/.m2/repository/org/seleniumhq/selenium/selenium-remote-driver/4.1.3/selenium-remote-driver-4.1.3.jar:/home/alexpinto/.m2/repository/com/beust/jcommander/1.82/jcommander-1.82.jar:/home/alexpinto/.m2/repository/io/netty/netty-buffer/4.1.75.Final/netty-buffer-4.1.75.Final.jar:/home/alexpinto/.m2/repository/io/netty/netty-codec-http/4.1.75.Final/netty-codec-http-4.1.75.Final.jar:/home/alexpinto/.m2/repository/io/netty/netty-codec/4.1.75.Final/netty-codec-4.1.75.Final.jar:/home/alexpinto/.m2/repository/io/netty/netty-handler/4.1.75.Final/netty-handler-4.1.75.Final.jar:/home/alexpinto/.m2/repository/io/netty/netty-common/4.1.75.Final/netty-common-4.1.75.Final.jar:/home/alexpinto/.m2/repository/io/netty/netty-transport-classes-epoll/4.1.75.Final/netty-transport-classes-epoll-4.1.75.Final.jar:/home/alexpinto/.m2/repository/io/netty/netty-transport-classes-kqueue/4.1.75.Final/netty-transport-classes-kqueue-4.1.75.Final.jar:/home/alexpinto/.m2/repository/io/netty/netty-transport-native-epoll/4.1.75.Final/netty-transport-native-epoll-4.1.75.Final.jar:/home/alexpinto/.m2/repository/io/netty/netty-transport-native-kqueue/4.1.75.Final/netty-transport-native-kqueue-4.1.75.Final.jar:/home/alexpinto/.m2/repository/io/netty/netty-transport-native-unix-common/4.1.75.Final/netty-transport-native-unix-common-4.1.75.Final.jar:/home/alexpinto/.m2/repository/io/netty/netty-transport/4.1.75.Final/netty-transport-4.1.75.Final.jar:/home/alexpinto/.m2/repository/io/netty/netty-resolver/4.1.75.Final/netty-resolver-4.1.75.Final.jar:/home/alexpinto/.m2/repository/io/opentelemetry/opentelemetry-api/1.12.0/opentelemetry-api-1.12.0.jar:/home/alexpinto/.m2/repository/io/opentelemetry/opentelemetry-context/1.12.0/opentelemetry-context-1.12.0.jar:/home/alexpinto/.m2/repository/io/opentelemetry/opentelemetry-exporter-logging/1.12.0/opentelemetry-exporter-logging-1.12.0.jar:/home/alexpinto/.m2/repository/io/opentelemetry/opentelemetry-sdk-metrics/1.12.0-alpha/opentelemetry-sdk-metrics-1.12.0-alpha.jar:/home/alexpinto/.m2/repository/io/opentelemetry/opentelemetry-sdk-logs/1.12.0-alpha/opentelemetry-sdk-logs-1.12.0-alpha.jar:/home/alexpinto/.m2/repository/io/opentelemetry/opentelemetry-sdk-common/1.12.0/opentelemetry-sdk-common-1.12.0.jar:/home/alexpinto/.m2/repository/io/opentelemetry/opentelemetry-sdk-extension-autoconfigure-spi/1.12.0/opentelemetry-sdk-extension-autoconfigure-spi-1.12.0.jar:/home/alexpinto/.m2/repository/io/opentelemetry/opentelemetry-sdk-extension-autoconfigure/1.12.0-alpha/opentelemetry-sdk-extension-autoconfigure-1.12.0-alpha.jar:/home/alexpinto/.m2/repository/io/opentelemetry/opentelemetry-sdk-trace/1.12.0/opentelemetry-sdk-trace-1.12.0.jar:/home/alexpinto/.m2/repository/io/opentelemetry/opentelemetry-sdk/1.12.0/opentelemetry-sdk-1.12.0.jar:/home/alexpinto/.m2/repository/io/opentelemetry/opentelemetry-semconv/1.12.0-alpha/opentelemetry-semconv-1.12.0-alpha.jar:/home/alexpinto/.m2/repository/io/ous/jtoml/2.0.0/jtoml-2.0.0.jar:/home/alexpinto/.m2/repository/net/bytebuddy/byte-buddy/1.12.8/byte-buddy-1.12.8.jar:/home/alexpinto/.m2/repository/org/apache/commons/commons-exec/1.3/commons-exec-1.3.jar:/home/alexpinto/.m2/repository/org/asynchttpclient/async-http-client/2.12.3/async-http-client-2.12.3.jar:/home/alexpinto/.m2/repository/org/asynchttpclient/async-http-client-netty-utils/2.12.3/async-http-client-netty-utils-2.12.3.jar:/home/alexpinto/.m2/repository/io/netty/netty-codec-socks/4.1.60.Final/netty-codec-socks-4.1.60.Final.jar:/home/alexpinto/.m2/repository/io/netty/netty-handler-proxy/4.1.60.Final/netty-handler-proxy-4.1.60.Final.jar:/home/alexpinto/.m2/repository/io/netty/netty-transport-native-epoll/4.1.60.Final/netty-transport-native-epoll-4.1.60.Final-linux-x86_64.jar:/home/alexpinto/.m2/repository/io/netty/netty-transport-native-kqueue/4.1.60.Final/netty-transport-native-kqueue-4.1.60.Final-osx-x86_64.jar:/home/alexpinto/.m2/repository/org/reactivestreams/reactive-streams/1.0.3/reactive-streams-1.0.3.jar:/home/alexpinto/.m2/repository/com/typesafe/netty/netty-reactive-streams/2.0.4/netty-reactive-streams-2.0.4.jar:/home/alexpinto/.m2/repository/com/sun/activation/jakarta.activation/1.2.2/jakarta.activation-1.2.2.jar:/home/alexpinto/.m2/repository/org/seleniumhq/selenium/selenium-http/4.1.3/selenium-http-4.1.3.jar:/home/alexpinto/.m2/repository/dev/failsafe/failsafe/3.2.3/failsafe-3.2.3.jar:/home/alexpinto/.m2/repository/org/seleniumhq/selenium/selenium-safari-driver/4.1.3/selenium-safari-driver-4.1.3.jar:/home/alexpinto/.m2/repository/org/seleniumhq/selenium/selenium-support/4.1.3/selenium-support-4.1.3.jar:/home/alexpinto/.m2/repository/io/github/bonigarcia/webdrivermanager/5.1.1/webdrivermanager-5.1.1.jar:/home/alexpinto/.m2/repository/com/google/code/gson/gson/2.9.0/gson-2.9.0.jar:/home/alexpinto/.m2/repository/com/github/docker-java/docker-java/3.2.13/docker-java-3.2.13.jar:/home/alexpinto/.m2/repository/com/github/docker-java/docker-java-core/3.2.13/docker-java-core-3.2.13.jar:/home/alexpinto/.m2/repository/com/github/docker-java/docker-java-api/3.2.13/docker-java-api-3.2.13.jar:/home/alexpinto/.m2/repository/com/fasterxml/jackson/core/jackson-annotations/2.10.3/jackson-annotations-2.10.3.jar:/home/alexpinto/.m2/repository/commons-io/commons-io/2.6/commons-io-2.6.jar:/home/alexpinto/.m2/repository/org/apache/commons/commons-compress/1.21/commons-compress-1.21.jar:/home/alexpinto/.m2/repository/com/fasterxml/jackson/core/jackson-databind/2.10.3/jackson-databind-2.10.3.jar:/home/alexpinto/.m2/repository/com/fasterxml/jackson/core/jackson-core/2.10.3/jackson-core-2.10.3.jar:/home/alexpinto/.m2/repository/org/bouncycastle/bcpkix-jdk15on/1.64/bcpkix-jdk15on-1.64.jar:/home/alexpinto/.m2/repository/org/bouncycastle/bcprov-jdk15on/1.64/bcprov-jdk15on-1.64.jar:/home/alexpinto/.m2/repository/org/slf4j/jcl-over-slf4j/1.7.30/jcl-over-slf4j-1.7.30.jar:/home/alexpinto/.m2/repository/com/github/docker-java/docker-java-transport-httpclient5/3.2.13/docker-java-transport-httpclient5-3.2.13.jar:/home/alexpinto/.m2/repository/com/github/docker-java/docker-java-transport/3.2.13/docker-java-transport-3.2.13.jar:/home/alexpinto/.m2/repository/net/java/dev/jna/jna/5.8.0/jna-5.8.0.jar:/home/alexpinto/.m2/repository/org/brotli/dec/0.1.2/dec-0.1.2.jar:/home/alexpinto/.m2/repository/org/apache/commons/commons-lang3/3.12.0/commons-lang3-3.12.0.jar:/home/alexpinto/.m2/repository/org/apache/httpcomponents/client5/httpclient5/5.1.3/httpclient5-5.1.3.jar:/home/alexpinto/.m2/repository/org/apache/httpcomponents/core5/httpcore5/5.1.3/httpcore5-5.1.3.jar:/home/alexpinto/.m2/repository/org/apache/httpcomponents/core5/httpcore5-h2/5.1.3/httpcore5-h2-5.1.3.jar:/home/alexpinto/.m2/repository/commons-codec/commons-codec/1.15/commons-codec-1.15.jar:"/>
    <property name="java.vm.vendor" value="Ubuntu"/>
    <property name="sun.arch.data.model" value="64"/>
    <property name="java.vendor.url" value="https://ubuntu.com/"/>
    <property name="user.timezone" value="Europe/Lisbon"/>
    <property name="user.country.format" value="PT"/>
    <property name="java.vm.specification.version" value="11"/>
    <property name="os.name" value="Linux"/>
    <property name="sun.java.launcher" value="SUN_STANDARD"/>
    <property name="user.country" value="US"/>
    <property name="sun.boot.library.path" value="/usr/lib/jvm/java-11-openjdk-amd64/lib"/>
    <property name="sun.java.command" value="/home/alexpinto/Desktop/TQS/tqs_98401/lab5/lab5_3/junit5-cucumber-selenium/target/surefire/surefirebooter2687113597936733012.jar /home/alexpinto/Desktop/TQS/tqs_98401/lab5/lab5_3/junit5-cucumber-selenium/target/surefire 2022-04-20T17-14-49_883-jvmRun1 surefire13109363473356016237tmp surefire_01230724047573600227tmp"/>
    <property name="jdk.debug" value="release"/>
    <property name="surefire.test.class.path" value="/home/alexpinto/Desktop/TQS/tqs_98401/lab5/lab5_3/junit5-cucumber-selenium/target/test-classes:/home/alexpinto/Desktop/TQS/tqs_98401/lab5/lab5_3/junit5-cucumber-selenium/target/classes:/home/alexpinto/.m2/repository/org/slf4j/slf4j-api/1.7.36/slf4j-api-1.7.36.jar:/home/alexpinto/.m2/repository/ch/qos/logback/logback-classic/1.2.11/logback-classic-1.2.11.jar:/home/alexpinto/.m2/repository/ch/qos/logback/logback-core/1.2.11/logback-core-1.2.11.jar:/home/alexpinto/.m2/repository/org/junit/jupiter/junit-jupiter/5.8.2/junit-jupiter-5.8.2.jar:/home/alexpinto/.m2/repository/org/junit/jupiter/junit-jupiter-api/5.8.2/junit-jupiter-api-5.8.2.jar:/home/alexpinto/.m2/repository/org/opentest4j/opentest4j/1.2.0/opentest4j-1.2.0.jar:/home/alexpinto/.m2/repository/org/junit/platform/junit-platform-commons/1.8.2/junit-platform-commons-1.8.2.jar:/home/alexpinto/.m2/repository/org/junit/jupiter/junit-jupiter-params/5.8.2/junit-jupiter-params-5.8.2.jar:/home/alexpinto/.m2/repository/org/junit/jupiter/junit-jupiter-engine/5.8.2/junit-jupiter-engine-5.8.2.jar:/home/alexpinto/.m2/repository/org/junit/platform/junit-platform-suite/1.8.2/junit-platform-suite-1.8.2.jar:/home/alexpinto/.m2/repository/org/junit/platform/junit-platform-suite-api/1.8.2/junit-platform-suite-api-1.8.2.jar:/home/alexpinto/.m2/repository/org/junit/platform/junit-platform-suite-engine/1.8.2/junit-platform-suite-engine-1.8.2.jar:/home/alexpinto/.m2/repository/org/junit/platform/junit-platform-suite-commons/1.8.2/junit-platform-suite-commons-1.8.2.jar:/home/alexpinto/.m2/repository/org/junit/platform/junit-platform-launcher/1.8.2/junit-platform-launcher-1.8.2.jar:/home/alexpinto/.m2/repository/io/cucumber/cucumber-java/7.3.0/cucumber-java-7.3.0.jar:/home/alexpinto/.m2/repository/io/cucumber/cucumber-core/7.3.0/cucumber-core-7.3.0.jar:/home/alexpinto/.m2/repository/io/cucumber/cucumber-gherkin/7.3.0/cucumber-gherkin-7.3.0.jar:/home/alexpinto/.m2/repository/io/cucumber/cucumber-gherkin-messages/7.3.0/cucumber-gherkin-messages-7.3.0.jar:/home/alexpinto/.m2/repository/io/cucumber/gherkin/23.0.1/gherkin-23.0.1.jar:/home/alexpinto/.m2/repository/io/cucumber/messages/18.0.0/messages-18.0.0.jar:/home/alexpinto/.m2/repository/io/cucumber/tag-expressions/4.1.0/tag-expressions-4.1.0.jar:/home/alexpinto/.m2/repository/io/cucumber/cucumber-expressions/15.0.2/cucumber-expressions-15.0.2.jar:/home/alexpinto/.m2/repository/io/cucumber/datatable/7.3.0/datatable-7.3.0.jar:/home/alexpinto/.m2/repository/io/cucumber/cucumber-plugin/7.3.0/cucumber-plugin-7.3.0.jar:/home/alexpinto/.m2/repository/io/cucumber/docstring/7.3.0/docstring-7.3.0.jar:/home/alexpinto/.m2/repository/io/cucumber/html-formatter/19.1.0/html-formatter-19.1.0.jar:/home/alexpinto/.m2/repository/io/cucumber/ci-environment/9.0.4/ci-environment-9.0.4.jar:/home/alexpinto/.m2/repository/org/apiguardian/apiguardian-api/1.1.2/apiguardian-api-1.1.2.jar:/home/alexpinto/.m2/repository/io/cucumber/cucumber-junit-platform-engine/7.3.0/cucumber-junit-platform-engine-7.3.0.jar:/home/alexpinto/.m2/repository/org/junit/platform/junit-platform-engine/1.8.2/junit-platform-engine-1.8.2.jar:/home/alexpinto/.m2/repository/org/seleniumhq/selenium/selenium-java/4.1.3/selenium-java-4.1.3.jar:/home/alexpinto/.m2/repository/org/seleniumhq/selenium/selenium-api/4.1.3/selenium-api-4.1.3.jar:/home/alexpinto/.m2/repository/org/seleniumhq/selenium/selenium-chrome-driver/4.1.3/selenium-chrome-driver-4.1.3.jar:/home/alexpinto/.m2/repository/com/google/auto/service/auto-service-annotations/1.0.1/auto-service-annotations-1.0.1.jar:/home/alexpinto/.m2/repository/com/google/auto/service/auto-service/1.0.1/auto-service-1.0.1.jar:/home/alexpinto/.m2/repository/com/google/auto/auto-common/1.2/auto-common-1.2.jar:/home/alexpinto/.m2/repository/com/google/guava/guava/31.1-jre/guava-31.1-jre.jar:/home/alexpinto/.m2/repository/com/google/guava/failureaccess/1.0.1/failureaccess-1.0.1.jar:/home/alexpinto/.m2/repository/com/google/guava/listenablefuture/9999.0-empty-to-avoid-conflict-with-guava/listenablefuture-9999.0-empty-to-avoid-conflict-with-guava.jar:/home/alexpinto/.m2/repository/com/google/code/findbugs/jsr305/3.0.2/jsr305-3.0.2.jar:/home/alexpinto/.m2/repository/org/checkerframework/checker-qual/3.12.0/checker-qual-3.12.0.jar:/home/alexpinto/.m2/repository/com/google/errorprone/error_prone_annotations/2.11.0/error_prone_annotations-2.11.0.jar:/home/alexpinto/.m2/repository/com/google/j2objc/j2objc-annotations/1.3/j2objc-annotations-1.3.jar:/home/alexpinto/.m2/repository/org/seleniumhq/selenium/selenium-chromium-driver/4.1.3/selenium-chromium-driver-4.1.3.jar:/home/alexpinto/.m2/repository/org/seleniumhq/selenium/selenium-json/4.1.3/selenium-json-4.1.3.jar:/home/alexpinto/.m2/repository/org/seleniumhq/selenium/selenium-devtools-v85/4.1.3/selenium-devtools-v85-4.1.3.jar:/home/alexpinto/.m2/repository/org/seleniumhq/selenium/selenium-devtools-v97/4.1.3/selenium-devtools-v97-4.1.3.jar:/home/alexpinto/.m2/repository/org/seleniumhq/selenium/selenium-devtools-v98/4.1.3/selenium-devtools-v98-4.1.3.jar:/home/alexpinto/.m2/repository/org/seleniumhq/selenium/selenium-devtools-v99/4.1.3/selenium-devtools-v99-4.1.3.jar:/home/alexpinto/.m2/repository/org/seleniumhq/selenium/selenium-edge-driver/4.1.3/selenium-edge-driver-4.1.3.jar:/home/alexpinto/.m2/repository/org/seleniumhq/selenium/selenium-firefox-driver/4.1.3/selenium-firefox-driver-4.1.3.jar:/home/alexpinto/.m2/repository/org/seleniumhq/selenium/selenium-ie-driver/4.1.3/selenium-ie-driver-4.1.3.jar:/home/alexpinto/.m2/repository/org/seleniumhq/selenium/selenium-opera-driver/4.1.3/selenium-opera-driver-4.1.3.jar:/home/alexpinto/.m2/repository/org/seleniumhq/selenium/selenium-remote-driver/4.1.3/selenium-remote-driver-4.1.3.jar:/home/alexpinto/.m2/repository/com/beust/jcommander/1.82/jcommander-1.82.jar:/home/alexpinto/.m2/repository/io/netty/netty-buffer/4.1.75.Final/netty-buffer-4.1.75.Final.jar:/home/alexpinto/.m2/repository/io/netty/netty-codec-http/4.1.75.Final/netty-codec-http-4.1.75.Final.jar:/home/alexpinto/.m2/repository/io/netty/netty-codec/4.1.75.Final/netty-codec-4.1.75.Final.jar:/home/alexpinto/.m2/repository/io/netty/netty-handler/4.1.75.Final/netty-handler-4.1.75.Final.jar:/home/alexpinto/.m2/repository/io/netty/netty-common/4.1.75.Final/netty-common-4.1.75.Final.jar:/home/alexpinto/.m2/repository/io/netty/netty-transport-classes-epoll/4.1.75.Final/netty-transport-classes-epoll-4.1.75.Final.jar:/home/alexpinto/.m2/repository/io/netty/netty-transport-classes-kqueue/4.1.75.Final/netty-transport-classes-kqueue-4.1.75.Final.jar:/home/alexpinto/.m2/repository/io/netty/netty-transport-native-epoll/4.1.75.Final/netty-transport-native-epoll-4.1.75.Final.jar:/home/alexpinto/.m2/repository/io/netty/netty-transport-native-kqueue/4.1.75.Final/netty-transport-native-kqueue-4.1.75.Final.jar:/home/alexpinto/.m2/repository/io/netty/netty-transport-native-unix-common/4.1.75.Final/netty-transport-native-unix-common-4.1.75.Final.jar:/home/alexpinto/.m2/repository/io/netty/netty-transport/4.1.75.Final/netty-transport-4.1.75.Final.jar:/home/alexpinto/.m2/repository/io/netty/netty-resolver/4.1.75.Final/netty-resolver-4.1.75.Final.jar:/home/alexpinto/.m2/repository/io/opentelemetry/opentelemetry-api/1.12.0/opentelemetry-api-1.12.0.jar:/home/alexpinto/.m2/repository/io/opentelemetry/opentelemetry-context/1.12.0/opentelemetry-context-1.12.0.jar:/home/alexpinto/.m2/repository/io/opentelemetry/opentelemetry-exporter-logging/1.12.0/opentelemetry-exporter-logging-1.12.0.jar:/home/alexpinto/.m2/repository/io/opentelemetry/opentelemetry-sdk-metrics/1.12.0-alpha/opentelemetry-sdk-metrics-1.12.0-alpha.jar:/home/alexpinto/.m2/repository/io/opentelemetry/opentelemetry-sdk-logs/1.12.0-alpha/opentelemetry-sdk-logs-1.12.0-alpha.jar:/home/alexpinto/.m2/repository/io/opentelemetry/opentelemetry-sdk-common/1.12.0/opentelemetry-sdk-common-1.12.0.jar:/home/alexpinto/.m2/repository/io/opentelemetry/opentelemetry-sdk-extension-autoconfigure-spi/1.12.0/opentelemetry-sdk-extension-autoconfigure-spi-1.12.0.jar:/home/alexpinto/.m2/repository/io/opentelemetry/opentelemetry-sdk-extension-autoconfigure/1.12.0-alpha/opentelemetry-sdk-extension-autoconfigure-1.12.0-alpha.jar:/home/alexpinto/.m2/repository/io/opentelemetry/opentelemetry-sdk-trace/1.12.0/opentelemetry-sdk-trace-1.12.0.jar:/home/alexpinto/.m2/repository/io/opentelemetry/opentelemetry-sdk/1.12.0/opentelemetry-sdk-1.12.0.jar:/home/alexpinto/.m2/repository/io/opentelemetry/opentelemetry-semconv/1.12.0-alpha/opentelemetry-semconv-1.12.0-alpha.jar:/home/alexpinto/.m2/repository/io/ous/jtoml/2.0.0/jtoml-2.0.0.jar:/home/alexpinto/.m2/repository/net/bytebuddy/byte-buddy/1.12.8/byte-buddy-1.12.8.jar:/home/alexpinto/.m2/repository/org/apache/commons/commons-exec/1.3/commons-exec-1.3.jar:/home/alexpinto/.m2/repository/org/asynchttpclient/async-http-client/2.12.3/async-http-client-2.12.3.jar:/home/alexpinto/.m2/repository/org/asynchttpclient/async-http-client-netty-utils/2.12.3/async-http-client-netty-utils-2.12.3.jar:/home/alexpinto/.m2/repository/io/netty/netty-codec-socks/4.1.60.Final/netty-codec-socks-4.1.60.Final.jar:/home/alexpinto/.m2/repository/io/netty/netty-handler-proxy/4.1.60.Final/netty-handler-proxy-4.1.60.Final.jar:/home/alexpinto/.m2/repository/io/netty/netty-transport-native-epoll/4.1.60.Final/netty-transport-native-epoll-4.1.60.Final-linux-x86_64.jar:/home/alexpinto/.m2/repository/io/netty/netty-transport-native-kqueue/4.1.60.Final/netty-transport-native-kqueue-4.1.60.Final-osx-x86_64.jar:/home/alexpinto/.m2/repository/org/reactivestreams/reactive-streams/1.0.3/reactive-streams-1.0.3.jar:/home/alexpinto/.m2/repository/com/typesafe/netty/netty-reactive-streams/2.0.4/netty-reactive-streams-2.0.4.jar:/home/alexpinto/.m2/repository/com/sun/activation/jakarta.activation/1.2.2/jakarta.activation-1.2.2.jar:/home/alexpinto/.m2/repository/org/seleniumhq/selenium/selenium-http/4.1.3/selenium-http-4.1.3.jar:/home/alexpinto/.m2/repository/dev/failsafe/failsafe/3.2.3/failsafe-3.2.3.jar:/home/alexpinto/.m2/repository/org/seleniumhq/selenium/selenium-safari-driver/4.1.3/selenium-safari-driver-4.1.3.jar:/home/alexpinto/.m2/repository/org/seleniumhq/selenium/selenium-support/4.1.3/selenium-support-4.1.3.jar:/home/alexpinto/.m2/repository/io/github/bonigarcia/webdrivermanager/5.1.1/webdrivermanager-5.1.1.jar:/home/alexpinto/.m2/repository/com/google/code/gson/gson/2.9.0/gson-2.9.0.jar:/home/alexpinto/.m2/repository/com/github/docker-java/docker-java/3.2.13/docker-java-3.2.13.jar:/home/alexpinto/.m2/repository/com/github/docker-java/docker-java-core/3.2.13/docker-java-core-3.2.13.jar:/home/alexpinto/.m2/repository/com/github/docker-java/docker-java-api/3.2.13/docker-java-api-3.2.13.jar:/home/alexpinto/.m2/repository/com/fasterxml/jackson/core/jackson-annotations/2.10.3/jackson-annotations-2.10.3.jar:/home/alexpinto/.m2/repository/commons-io/commons-io/2.6/commons-io-2.6.jar:/home/alexpinto/.m2/repository/org/apache/commons/commons-compress/1.21/commons-compress-1.21.jar:/home/alexpinto/.m2/repository/com/fasterxml/jackson/core/jackson-databind/2.10.3/jackson-databind-2.10.3.jar:/home/alexpinto/.m2/repository/com/fasterxml/jackson/core/jackson-core/2.10.3/jackson-core-2.10.3.jar:/home/alexpinto/.m2/repository/org/bouncycastle/bcpkix-jdk15on/1.64/bcpkix-jdk15on-1.64.jar:/home/alexpinto/.m2/repository/org/bouncycastle/bcprov-jdk15on/1.64/bcprov-jdk15on-1.64.jar:/home/alexpinto/.m2/repository/org/slf4j/jcl-over-slf4j/1.7.30/jcl-over-slf4j-1.7.30.jar:/home/alexpinto/.m2/repository/com/github/docker-java/docker-java-transport-httpclient5/3.2.13/docker-java-transport-httpclient5-3.2.13.jar:/home/alexpinto/.m2/repository/com/github/docker-java/docker-java-transport/3.2.13/docker-java-transport-3.2.13.jar:/home/alexpinto/.m2/repository/net/java/dev/jna/jna/5.8.0/jna-5.8.0.jar:/home/alexpinto/.m2/repository/org/brotli/dec/0.1.2/dec-0.1.2.jar:/home/alexpinto/.m2/repository/org/apache/commons/commons-lang3/3.12.0/commons-lang3-3.12.0.jar:/home/alexpinto/.m2/repository/org/apache/httpcomponents/client5/httpclient5/5.1.3/httpclient5-5.1.3.jar:/home/alexpinto/.m2/repository/org/apache/httpcomponents/core5/httpcore5/5.1.3/httpcore5-5.1.3.jar:/home/alexpinto/.m2/repository/org/apache/httpcomponents/core5/httpcore5-h2/5.1.3/httpcore5-h2-5.1.3.jar:/home/alexpinto/.m2/repository/commons-codec/commons-codec/1.15/commons-codec-1.15.jar:"/>
    <property name="sun.cpu.endian" value="little"/>
    <property name="user.home" value="/home/alexpinto"/>
    <property name="user.language" value="en"/>
    <property name="java.specification.vendor" value="Oracle Corporation"/>
    <property name="java.version.date" value="2022-01-18"/>
    <property name="java.home" value="/usr/lib/jvm/java-11-openjdk-amd64"/>
    <property name="file.separator" value="/"/>
    <property name="basedir" value="/home/alexpinto/Desktop/TQS/tqs_98401/lab5/lab5_3/junit5-cucumber-selenium"/>
    <property name="java.vm.compressedOopsMode" value="Zero based"/>
    <property name="line.separator" value="&#10;"/>
    <property name="java.specification.name" value="Java Platform API Specification"/>
    <property name="java.vm.specification.vendor" value="Oracle Corporation"/>
    <property name="java.awt.graphicsenv" value="sun.awt.X11GraphicsEnvironment"/>
    <property name="surefire.real.class.path" value="/home/alexpinto/Desktop/TQS/tqs_98401/lab5/lab5_3/junit5-cucumber-selenium/target/surefire/surefirebooter2687113597936733012.jar"/>
    <property name="sun.management.compiler" value="HotSpot 64-Bit Tiered Compilers"/>
    <property name="java.runtime.version" value="11.0.14+9-Ubuntu-0ubuntu2.20.04"/>
    <property name="user.name" value="alexpinto"/>
    <property name="path.separator" value=":"/>
    <property name="os.version" value="5.13.0-37-generic"/>
    <property name="java.runtime.name" value="OpenJDK Runtime Environment"/>
    <property name="file.encoding" value="UTF-8"/>
    <property name="java.vm.name" value="OpenJDK 64-Bit Server VM"/>
    <property name="localRepository" value="/home/alexpinto/.m2/repository"/>
    <property name="java.vendor.url.bug" value="https://bugs.launchpad.net/ubuntu/+source/openjdk-lts"/>
    <property name="java.io.tmpdir" value="/tmp"/>
    <property name="java.version" value="11.0.14"/>
    <property name="user.dir" value="/home/alexpinto/Desktop/TQS/tqs_98401/lab5/lab5_3/junit5-cucumber-selenium"/>
    <property name="os.arch" value="amd64"/>
    <property name="java.vm.specification.name" value="Java Virtual Machine Specification"/>
    <property name="java.awt.printerjob" value="sun.print.PSPrinterJob"/>
    <property name="user.language.format" value="pt"/>
    <property name="sun.os.patch.level" value="unknown"/>
    <property name="java.library.path" value="/usr/java/packages/lib:/usr/lib/x86_64-linux-gnu/jni:/lib/x86_64-linux-gnu:/usr/lib/x86_64-linux-gnu:/usr/lib/jni:/lib:/usr/lib"/>
    <property name="java.vm.info" value="mixed mode, sharing"/>
    <property name="java.vendor" value="Ubuntu"/>
    <property name="java.vm.version" value="11.0.14+9-Ubuntu-0ubuntu2.20.04"/>
    <property name="sun.io.unicode.encoding" value="UnicodeLittle"/>
    <property name="java.class.version" value="55.0"/>
  </properties>
  <testcase name="Successful login" classname="Login in practice site" time="6.72">
    <system-out><![CDATA[2022-04-20 17:14:51 [main] DEBUG i.g.b.wdm.cache.ResolutionCache.<init>(77) - Created new resolution cache file at /home/alexpinto/.cache/selenium/resolution.properties
2022-04-20 17:14:51 [main] DEBUG i.g.b.wdm.versions.VersionDetector.getBrowserVersionFromTheShell(205) - Detecting chrome version using online commands.properties
2022-04-20 17:14:51 [main] DEBUG i.g.bonigarcia.wdm.versions.Shell.runAndWaitArray(65) - Running command on the shell: [google-chrome, --version]
2022-04-20 17:14:51 [main] DEBUG i.g.bonigarcia.wdm.versions.Shell.runAndWaitArray(69) - Result: Google Chrome 95.0.4638.69
2022-04-20 17:14:52 [main] DEBUG i.g.b.wdm.versions.VersionDetector.getDriverVersionFromRepository(127) - Latest version of chromedriver according to https://chromedriver.storage.googleapis.com/LATEST_RELEASE_95 is 95.0.4638.69
2022-04-20 17:14:52 [main] INFO  i.g.bonigarcia.wdm.WebDriverManager.resolveDriverVersion(1122) - Using chromedriver 95.0.4638.69 (resolved driver for Chrome 95)
2022-04-20 17:14:52 [main] DEBUG i.g.b.wdm.cache.ResolutionCache.putValueInResolutionCacheIfEmpty(119) - Storing resolution chrome=95 in cache (valid until 18:14:52 20/04/2022 WEST)
2022-04-20 17:14:52 [main] DEBUG i.g.b.wdm.cache.ResolutionCache.putValueInResolutionCacheIfEmpty(119) - Storing resolution chrome95=95.0.4638.69 in cache (valid until 17:14:52 21/04/2022 WEST)
2022-04-20 17:14:52 [main] INFO  i.g.bonigarcia.wdm.WebDriverManager.logSeekRepo(1459) - Reading https://chromedriver.storage.googleapis.com/ to seek chromedriver
2022-04-20 17:14:52 [main] DEBUG i.g.bonigarcia.wdm.WebDriverManager.createUrlHandler(1351) - Driver to be downloaded chromedriver 95.0.4638.69
2022-04-20 17:14:52 [main] INFO  i.g.bonigarcia.wdm.online.Downloader.downloadAndExtract(127) - Downloading https://chromedriver.storage.googleapis.com/95.0.4638.69/chromedriver_linux64.zip
2022-04-20 17:14:53 [main] INFO  i.g.bonigarcia.wdm.online.Downloader.extract(188) - Extracting driver from compressed file chromedriver_linux64.zip
2022-04-20 17:14:53 [main] INFO  i.g.bonigarcia.wdm.WebDriverManager.exportDriver(1177) - Exporting webdriver.chrome.driver as /home/alexpinto/.cache/selenium/chromedriver/linux64/95.0.4638.69/chromedriver
]]></system-out>
    <system-err><![CDATA[Starting ChromeDriver 95.0.4638.69 (6a1600ed572fedecd573b6c2b90a22fe6392a410-refs/branch-heads/4638@{#984}) on port 48225
Only local connections are allowed.
Please see https://chromedriver.chromium.org/security-considerations for suggestions on keeping ChromeDriver safe.
ChromeDriver was started successfully.
abr 20, 2022 5:14:56 DA TARDE org.openqa.selenium.remote.ProtocolHandshake createSession
INFO: Detected dialect: W3C
abr 20, 2022 5:14:56 DA TARDE org.openqa.selenium.devtools.CdpVersionFinder findNearestMatch
WARNING: Unable to find an exact match for CDP version 95, so returning the closest version found: a no-op implementation
abr 20, 2022 5:14:56 DA TARDE org.openqa.selenium.devtools.CdpVersionFinder findNearestMatch
INFO: Unable to find CDP implementation matching 95.
abr 20, 2022 5:14:56 DA TARDE org.openqa.selenium.chromium.ChromiumDriver lambda$new$3
WARNING: Unable to find version of CDP to use for . You may need to include a dependency on a specific version of the CDP using something similar to `org.seleniumhq.selenium:selenium-devtools-v86:4.1.3` where the version ("v86") matches the version of the chromium-based browser you're using and the version number of the artifact is the same as Selenium's.
]]></system-err>
  </testcase>
  <testcase name="Failure login" classname="Login in practice site" time="1.105">
    <system-out><![CDATA[2022-04-20 17:14:57 [main] DEBUG i.g.b.wdm.cache.ResolutionCache.checkKeyInResolutionCache(186) - Resolution chrome=95 in cache (valid until 18:14:52 20/04/2022 WEST)
2022-04-20 17:14:57 [main] DEBUG i.g.b.wdm.cache.ResolutionCache.checkKeyInResolutionCache(186) - Resolution chrome95=95.0.4638.69 in cache (valid until 17:14:52 21/04/2022 WEST)
2022-04-20 17:14:57 [main] INFO  i.g.bonigarcia.wdm.WebDriverManager.resolveDriverVersion(1122) - Using chromedriver 95.0.4638.69 (resolved driver for Chrome 95)
2022-04-20 17:14:57 [main] DEBUG i.g.bonigarcia.wdm.WebDriverManager.manage(1078) - Driver chromedriver 95.0.4638.69 found in cache
2022-04-20 17:14:57 [main] INFO  i.g.bonigarcia.wdm.WebDriverManager.exportDriver(1177) - Exporting webdriver.chrome.driver as /home/alexpinto/.cache/selenium/chromedriver/linux64/95.0.4638.69/chromedriver
]]></system-out>
    <system-err><![CDATA[Starting ChromeDriver 95.0.4638.69 (6a1600ed572fedecd573b6c2b90a22fe6392a410-refs/branch-heads/4638@{#984}) on port 60434
Only local connections are allowed.
Please see https://chromedriver.chromium.org/security-considerations for suggestions on keeping ChromeDriver safe.
ChromeDriver was started successfully.
abr 20, 2022 5:14:58 DA TARDE org.openqa.selenium.remote.ProtocolHandshake createSession
INFO: Detected dialect: W3C
abr 20, 2022 5:14:58 DA TARDE org.openqa.selenium.devtools.CdpVersionFinder findNearestMatch
WARNING: Unable to find an exact match for CDP version 95, so returning the closest version found: a no-op implementation
abr 20, 2022 5:14:58 DA TARDE org.openqa.selenium.devtools.CdpVersionFinder findNearestMatch
INFO: Unable to find CDP implementation matching 95.
abr 20, 2022 5:14:58 DA TARDE org.openqa.selenium.chromium.ChromiumDriver lambda$new$3
WARNING: Unable to find version of CDP to use for . You may need to include a dependency on a specific version of the CDP using something similar to `org.seleniumhq.selenium:selenium-devtools-v86:4.1.3` where the version ("v86") matches the version of the chromium-based browser you're using and the version number of the artifact is the same as Selenium's.
]]></system-err>
  </testcase>
</testsuite>